<?xml version="1.0" encoding="UTF-8"?>
<!-- Generated by org.testng.reporters.JUnitXMLReporter -->
<testsuite hostname="air1.local" ignored="0" name="Default test" tests="6" failures="0" timestamp="16 Aug 2019 16:13:21 GMT" time="6.718" errors="0">
  <testcase name="TestReqres_Delete" time="5.228" classname="testReqres.TestReqres"/>
  <testcase name="TestReqres_Get_Call" time="0.245" classname="testReqres.TestReqres"/>
  <testcase name="TestReqres_Get_Check" time="0.006" classname="testReqres.TestReqres"/>
  <testcase name="TestReqres_Patch" time="0.376" classname="testReqres.TestReqres"/>
  <testcase name="TestReqres_Post" time="0.345" classname="testReqres.TestReqres"/>
  <testcase name="TestReqres_Put" time="0.312" classname="testReqres.TestReqres"/>
</testsuite> <!-- Default test -->
